Arguments: 
  C:\Program Files\nodejs\node.exe C:\Users\domin\AppData\Roaming\npm\node_modules\yarn\bin\yarn.js add react-router-dom localforage match-sorter sort-by

PATH: 
  C:\Program Files\Eclipse Adoptium\jdk-17.0.6.10-hotspot\bin;C:\Program Files (x86)\Common Files\Intel\Shared Libraries\redist\intel64_win\compiler;C:\WINDOWS\system32;C:\WINDOWS;C:\WINDOWS\System32\Wbem;C:\WINDOWS\System32\WindowsPowerShell\v1.0\;C:\WINDOWS\System32\OpenSSH\;C:\Program Files\Common Files\Autodesk Shared\;C:\Program Files\Microsoft SQL Server\120\Tools\Binn\;C:\Program Files\Git\cmd;C:\Program Files\apache-maven-3.8.7\bin;C:\Program Files\nodejs\;C:\Program Files\MySQL\MySQL Shell 8.0\bin\;C:\Users\domin\AppData\Local\Programs\Python\Python311\Scripts\;C:\Users\domin\AppData\Local\Programs\Python\Python311\;C:\Users\domin\AppData\Local\Microsoft\WindowsApps;C:\Users\domin\AppData\Local\Programs\Microsoft VS Code\bin;C:\Users\domin\AppData\Roaming\npm

Yarn version: 
  1.22.19

Node version: 
  18.14.1

Platform: 
  win32 x64

Trace: 
  TypeError: Cannot use 'in' operator to search for 'react' in 1. Frontend Development a. Lage nettside med frontend I. Lage en hovedside II. Lage en vanlig side vanlig side med Skrive-boks III. Lage en kontakt side IIII. Lage en Register og Login side b. Lage CSS med en fargekode som kan brukes til alle logoer
  2. MySQL database a. Lage en for Nyheter b. Lage en for NavBar c. Lage en for Sider d. Lage en for Sponsorer
  3. Backend Development a. Koble til Register og Login med cookies og Authentication b. Koble til Nyheter c. Koble til Sider d. Koble til Sponsorer e. Koble til NavBar
      at Lockfile.getLocked (C:\Users\domin\AppData\Roaming\npm\node_modules\yarn\lib\cli.js:3104:26)
      at pushDeps (C:\Users\domin\AppData\Roaming\npm\node_modules\yarn\lib\cli.js:6894:33)
      at _loop (C:\Users\domin\AppData\Roaming\npm\node_modules\yarn\lib\cli.js:6914:11)
      at _loop.next (<anonymous>)
      at Add.<anonymous> (C:\Users\domin\AppData\Roaming\npm\node_modules\yarn\lib\cli.js:7035:27)
      at Generator.next (<anonymous>)
      at step (C:\Users\domin\AppData\Roaming\npm\node_modules\yarn\lib\cli.js:310:30)
      at C:\Users\domin\AppData\Roaming\npm\node_modules\yarn\lib\cli.js:321:13

npm manifest: 
  {
    "name": "vite",
    "private": true,
    "version": "0.0.0",
    "type": "module",
    "scripts": {
      "dev": "vite",
      "build": "vite build",
      "lint": "eslint src --ext js,jsx --report-unused-disable-directives --max-warnings 0",
      "preview": "vite preview"
    },
    "dependencies": {
      "react": "^18.2.0",
      "react-dom": "^18.2.0"
    },
    "devDependencies": {
      "@types/react": "^18.0.28",
      "@types/react-dom": "^18.0.11",
      "@vitejs/plugin-react": "^4.0.0",
      "eslint": "^8.38.0",
      "eslint-plugin-react": "^7.32.2",
      "eslint-plugin-react-hooks": "^4.6.0",
      "eslint-plugin-react-refresh": "^0.3.4",
      "vite": "^4.3.2"
    }
  }

yarn manifest: 
  No manifest

Lockfile: 
  # IL Trond sin hjemmeside
  
  # Planen til nettsiden 
  1. Frontend Development
      a. Lage nettside med frontend
          I. Lage en hovedside
          II. Lage en vanlig side vanlig side med Skrive-boks
          III. Lage en kontakt side
          IIII. Lage en Register og Login side
      b. Lage CSS med en fargekode som kan brukes til alle logoer
  
  2. MySQL database
      a. Lage en for Nyheter
      b. Lage en for NavBar
      c. Lage en for Sider
      d. Lage en for Sponsorer
  
  3. Backend Development
      a. Koble til Register og Login med cookies og Authentication
      b. Koble til Nyheter
      c. Koble til Sider
      d. Koble til Sponsorer
      e. Koble til NavBar
